<?xml version="1.0" encoding="UTF-8"?>
<testng-results ignored="0" total="1" passed="1" failed="0" skipped="0">
  <reporter-output>
  </reporter-output>
  <suite started-at="2023-03-03T20:26:17Z" name="Default suite" finished-at="2023-03-03T20:26:23Z" duration-ms="5954">
    <groups>
    </groups>
    <test started-at="2023-03-03T20:26:17Z" name="Default test" finished-at="2023-03-03T20:26:23Z" duration-ms="5954">
      <class name="test.CreateNewAccountPageTest">
        <test-method is-config="true" signature="setup()[pri:0, instance:test.CreateNewAccountPageTest@4b79ac84]" started-at="2023-03-03T15:26:05Z" name="setup" finished-at="2023-03-03T15:26:17Z" duration-ms="12046" status="PASS">
          <reporter-output>
          </reporter-output>
        </test-method> <!-- setup -->
        <test-method signature="createaccountpagetest()[pri:0, instance:test.CreateNewAccountPageTest@4b79ac84]" started-at="2023-03-03T15:26:17Z" name="createaccountpagetest" finished-at="2023-03-03T15:26:23Z" duration-ms="5940" status="PASS">
          <reporter-output>
          </reporter-output>
        </test-method> <!-- createaccountpagetest -->
      </class> <!-- test.CreateNewAccountPageTest -->
    </test> <!-- Default test -->
  </suite> <!-- Default suite -->
</testng-results>
